<?xml version="1.0" encoding="UTF-8"?>
<testng-results ignored="0" total="2" passed="2" failed="0" skipped="0">
  <reporter-output>
  </reporter-output>
  <suite started-at="2022-10-05T19:37:09 IST" name="Suite-FK" finished-at="2022-10-05T19:39:31 IST" duration-ms="142397">
    <groups>
    </groups>
    <test started-at="2022-10-05T19:37:09 IST" name="ChromeTest" finished-at="2022-10-05T19:39:12 IST" duration-ms="123678">
      <class name="test.TestNG_FK">
        <test-method is-config="true" signature="launchBrowser(java.lang.String)[pri:0, instance:test.TestNG_FK@52bf72b5]" started-at="2022-10-05T19:37:09 IST" name="launchBrowser" finished-at="2022-10-05T19:37:45 IST" duration-ms="36190" status="PASS">
          <params>
            <param index="0">
              <value>
                <![CDATA[Chrome]]>
              </value>
            </param>
          </params>
          <reporter-output>
          </reporter-output>
        </test-method> <!-- launchBrowser -->
        <test-method is-config="true" signature="createPOMObjects()[pri:0, instance:test.TestNG_FK@52bf72b5]" started-at="2022-10-05T19:37:46 IST" name="createPOMObjects" finished-at="2022-10-05T19:37:47 IST" duration-ms="1178" status="PASS">
          <reporter-output>
          </reporter-output>
        </test-method> <!-- createPOMObjects -->
        <test-method is-config="true" signature="loginApp()[pri:0, instance:test.TestNG_FK@52bf72b5]" started-at="2022-10-05T19:37:47 IST" name="loginApp" finished-at="2022-10-05T19:39:03 IST" duration-ms="75686" status="PASS">
          <reporter-output>
          </reporter-output>
        </test-method> <!-- loginApp -->
        <test-method signature="verifyUrlPANCardInfo()[pri:0, instance:test.TestNG_FK@52bf72b5]" started-at="2022-10-05T19:39:03 IST" name="verifyUrlPANCardInfo" finished-at="2022-10-05T19:39:09 IST" duration-ms="6591" status="PASS">
          <reporter-output>
          </reporter-output>
        </test-method> <!-- verifyUrlPANCardInfo -->
        <test-method is-config="true" signature="logOut(org.testng.ITestResult)[pri:0, instance:test.TestNG_FK@52bf72b5]" started-at="2022-10-05T19:39:09 IST" name="logOut" finished-at="2022-10-05T19:39:10 IST" duration-ms="707" status="PASS">
          <params>
            <param index="0">
              <value>
                <![CDATA[[TestResult name=verifyUrlPANCardInfo status=SUCCESS method=TestNG_FK.verifyUrlPANCardInfo()[pri:0, instance:test.TestNG_FK@52bf72b5] output={null}]]]>
              </value>
            </param>
          </params>
          <reporter-output>
          </reporter-output>
        </test-method> <!-- logOut -->
        <test-method is-config="true" signature="nullifyPOMObjects()[pri:0, instance:test.TestNG_FK@52bf72b5]" started-at="2022-10-05T19:39:10 IST" name="nullifyPOMObjects" finished-at="2022-10-05T19:39:10 IST" duration-ms="1" status="PASS">
          <reporter-output>
          </reporter-output>
        </test-method> <!-- nullifyPOMObjects -->
        <test-method is-config="true" signature="quitBrowser()[pri:0, instance:test.TestNG_FK@52bf72b5]" started-at="2022-10-05T19:39:10 IST" name="quitBrowser" finished-at="2022-10-05T19:39:12 IST" duration-ms="2319" status="PASS">
          <reporter-output>
          </reporter-output>
        </test-method> <!-- quitBrowser -->
      </class> <!-- test.TestNG_FK -->
    </test> <!-- ChromeTest -->
    <test started-at="2022-10-05T19:37:09 IST" name="EdgeTest" finished-at="2022-10-05T19:39:31 IST" duration-ms="142397">
      <class name="test.TestNG_FK">
        <test-method is-config="true" signature="launchBrowser(java.lang.String)[pri:0, instance:test.TestNG_FK@2a3b5b47]" started-at="2022-10-05T19:37:09 IST" name="launchBrowser" finished-at="2022-10-05T19:37:45 IST" duration-ms="36850" status="PASS">
          <params>
            <param index="0">
              <value>
                <![CDATA[Edge]]>
              </value>
            </param>
          </params>
          <reporter-output>
          </reporter-output>
        </test-method> <!-- launchBrowser -->
        <test-method is-config="true" signature="createPOMObjects()[pri:0, instance:test.TestNG_FK@2a3b5b47]" started-at="2022-10-05T19:37:46 IST" name="createPOMObjects" finished-at="2022-10-05T19:37:47 IST" duration-ms="1180" status="PASS">
          <reporter-output>
          </reporter-output>
        </test-method> <!-- createPOMObjects -->
        <test-method is-config="true" signature="loginApp()[pri:0, instance:test.TestNG_FK@2a3b5b47]" started-at="2022-10-05T19:37:47 IST" name="loginApp" finished-at="2022-10-05T19:39:23 IST" duration-ms="96126" status="PASS">
          <reporter-output>
          </reporter-output>
        </test-method> <!-- loginApp -->
        <test-method signature="verifyUrlPANCardInfo()[pri:0, instance:test.TestNG_FK@2a3b5b47]" started-at="2022-10-05T19:39:23 IST" name="verifyUrlPANCardInfo" finished-at="2022-10-05T19:39:28 IST" duration-ms="4701" status="PASS">
          <reporter-output>
          </reporter-output>
        </test-method> <!-- verifyUrlPANCardInfo -->
        <test-method is-config="true" signature="logOut(org.testng.ITestResult)[pri:0, instance:test.TestNG_FK@2a3b5b47]" started-at="2022-10-05T19:39:28 IST" name="logOut" finished-at="2022-10-05T19:39:28 IST" duration-ms="400" status="PASS">
          <params>
            <param index="0">
              <value>
                <![CDATA[[TestResult name=verifyUrlPANCardInfo status=SUCCESS method=TestNG_FK.verifyUrlPANCardInfo()[pri:0, instance:test.TestNG_FK@2a3b5b47] output={null}]]]>
              </value>
            </param>
          </params>
          <reporter-output>
          </reporter-output>
        </test-method> <!-- logOut -->
        <test-method is-config="true" signature="quitBrowser()[pri:0, instance:test.TestNG_FK@2a3b5b47]" started-at="2022-10-05T19:39:28 IST" name="quitBrowser" finished-at="2022-10-05T19:39:31 IST" duration-ms="2811" status="PASS">
          <reporter-output>
          </reporter-output>
        </test-method> <!-- quitBrowser -->
        <test-method is-config="true" signature="nullifyPOMObjects()[pri:0, instance:test.TestNG_FK@2a3b5b47]" started-at="2022-10-05T19:39:28 IST" name="nullifyPOMObjects" finished-at="2022-10-05T19:39:28 IST" duration-ms="0" status="PASS">
          <reporter-output>
          </reporter-output>
        </test-method> <!-- nullifyPOMObjects -->
      </class> <!-- test.TestNG_FK -->
    </test> <!-- EdgeTest -->
  </suite> <!-- Suite-FK -->
</testng-results>
